<?xml version="1.0" encoding="UTF-8"?>
<!-- Generated by org.testng.reporters.JUnitReportReporter -->
<testsuite skipped="0" hostname="SRKSUR5013LT" name="demo.UrlValidation" tests="1" failures="0" timestamp="2021-08-17T17:51:34 IST" time="24.814" errors="0">
  <testcase name="f" time="24.814" classname="demo.UrlValidation"/>
  <system-out/>
</testsuite> <!-- demo.UrlValidation -->
